find_header: checking for float.h... -------------------- yes

"gcc -E -I. -I/usr/lib/ruby/1.8/x86_64-linux -I. -D_FORTIFY_SOURCE=2  -D_FORTIFY_SOURCE=2 -fno-strict-aliasing -g -g -O2  -fPIC    conftest.c -o conftest.i"
checked program was:
/* begin */
1: #include <float.h>
/* end */

--------------------

find_header: checking for ruby.h... -------------------- yes

"gcc -E -I. -I/usr/lib/ruby/1.8/x86_64-linux -I. -D_FORTIFY_SOURCE=2  -D_FORTIFY_SOURCE=2 -fno-strict-aliasing -g -g -O2  -fPIC    conftest.c -o conftest.i"
checked program was:
/* begin */
1: #include <ruby.h>
/* end */

--------------------

find_header: checking for stdlib.h... -------------------- yes

"gcc -E -I. -I/usr/lib/ruby/1.8/x86_64-linux -I. -D_FORTIFY_SOURCE=2  -D_FORTIFY_SOURCE=2 -fno-strict-aliasing -g -g -O2  -fPIC    conftest.c -o conftest.i"
checked program was:
/* begin */
1: #include <stdlib.h>
/* end */

--------------------

find_header: checking for string.h... -------------------- yes

"gcc -E -I. -I/usr/lib/ruby/1.8/x86_64-linux -I. -D_FORTIFY_SOURCE=2  -D_FORTIFY_SOURCE=2 -fno-strict-aliasing -g -g -O2  -fPIC    conftest.c -o conftest.i"
checked program was:
/* begin */
1: #include <string.h>
/* end */

--------------------

have_header: checking for pthread.h... -------------------- yes

"gcc -E -I. -I/usr/lib/ruby/1.8/x86_64-linux -I. -D_FORTIFY_SOURCE=2  -D_FORTIFY_SOURCE=2 -fno-strict-aliasing -g -g -O2  -fPIC    conftest.c -o conftest.i"
checked program was:
/* begin */
1: #include <pthread.h>
/* end */

--------------------

